Lindgrenchester
Marques Mountain
9825 Reichert Meadow
Apt. 464
184
38705-6820
34703-8761
36511
Asia/Hong_Kong
Club
side
Lake
Wisconsin
MN
Jersey
SH
-73.30098618253652
-137.701802046459
Latlux
7.7
Bianka Auer III
https://robohash.org/rerumquicorporis.png?size=300x300&set=set1
https://robohash.org/my-own-slug.png?size=300x300&set=set1
https://robohash.org/my-own-slug.png?size=50x50&set=set1
https://robohash.org/my-own-slug.jpg?size=50x50&set=set1
https://robohash.org/my-own-slug.bmp?size=50x50&set=set1
https://robohash.org/my-own-slug.bmp?size=50x50&set=set1&bgset=bg1
Double Bastard Ale
Amber Hybrid Beer
Willamette
2206 - Bavarian Lager
Vienna
32 IBU
6.9%
19.3°Blg
1EsU9JFxMJ39MJH3fdckNf14nwsJeHNLvQ
mv5xMMYYx4dZyM5JYEyPzW2DS25z5qUK2m
A Catskill Eagle
Dr. Madie Bogisich
Berkley Books
Biography/Autobiography
1212-1221-1121-1234
2018-09-22
maestro
Chuck Norris can binary search unsorted data.
210592557-X
2476519118259
490660298526334
B000B7722Q
#ec961f
plum
89
46
81
153.28
316.47
277.85
282.94
111.35
174.46
0.05331032451883211
green
Home
Garden & Tools
Beauty & Health
Synergistic Steel Pants
70.27
Feil-Lemke
Group
Robust modular standardization
responsive
architect cutting-edge networks
77-1447099
31-130-3382
https://pigment.github.io/fake-logos/logos/medium/color/8.png
8309713009
98291911570
statistician
b8ff23b35aa193eff3542325d1fb74b5
c1013495a7270c681fdc987662212944a4b11531
475fc0f8082d97ea873e3e76427b3353c8310df76fe24c5d360511690829e274
date.rb:2:in `<main>': undefined method `days' for 2:Fixnum (NoMethodError)
Ostbarrow College
Clearcourt High School
Bachelor of Education
Mallowtown Campus
file.rb:7: unterminated string meets end of file
file.rb:7: syntax error, unexpected end-of-input, expecting ')'
Ygritte
Lannister
King's Landing
The AI transmitter is down, reboot the auxiliary matrix so we can parse the SMTP driver!
CSS
neural
program
input
compressing
jon_walker@kilback.net
nancy@block.info
anita@yahoo.com
nancy@hotmail.com
kenyon_ryan@example.org
nancy@example.net
michel.huel
nancy
nancy.johnson
PtQvC46kT
B4E8Mw9fC
7v0oMjE46p
65Q2AjZ23k
$$!$#@8jJ06
bogisichwatsica.org

osinski
org
92.203.40.185
127.74.183.241
204.189.248.189
129.209.243.210/10
cbfb:6e46:fd89:df05:fe32:48e2:6da5:2a55
40e8:8c59:308:deff:b130:3c8a:a072:a5ef/75
2f:45:8c:5e:51:c8
55:44:33:10:54:d0
http://trantowborer.io/jarret.hansen
http://example.com/gracie_lowe
http://example.com/foobar.html
eligendi.quaerat
foo-bar
foo-bar
autem
distinctio
ab
pariatur
est
vel
omnis
reprehenderit
beatus
magnam
temperantia
adicio
q6xitvqrkqpa1krihu1vl7yy3qrd7fzmvf0z167r8t23upaoanhep3wzhpt0f3hczeflus4hnxetpbvazuijfc08glpf4wh9ungufkxsfl29xc7bzsx472hkt8dhuhf6hwtbeihvgd3rdhp0mkeddns3t19c5ehkyqkwy7kxeicdponstuvd9631gkjx7tviyolzxrborju3yj7hpbxkyqua9xptj5bihcqwo49utnurrsfy4s3wn5klb72qdsd
gx2zoo3vhp
Fugit aut corrupti pariatur id natus et.
Aut necessitatibus id corrupti totam.
Consuasor delinquo eum enim aut universe.
Quis perferendis explicabo non quidem.
Villa harum turpe sortitus charisma consectetur.
Omnis esse praesentium laboriosam fugit aut.
Neque nihil aperiam.
Consequatur quo quia dolorum ut.
Magni repudiandae culpa eligendi.
Sto debilito paens ars est alo cavus.
Animi ab aliquam aspernatur ea occaecati dicta voluptas. Aliquam nemo dolores. Laboriosam occaecati sit. Maxime sunt nisi.
Accusamus repudiandae delectus eum aliquam non. Eveniet possimus iste quia et modi qui.
Tantum baiulus vorago ustilo. Ustulo voluptas cognatus pecunia vorax compono aspicio.
Molestiae quaerat eaque ea enim quo veniam similique. Sint nulla explicabo est quod placeat. Et maiores odio nulla ut quia sed. Natus cupiditate est.
Vulgo aspicio via. Carus vociferor cenaculum aranea viriliter arx. Aut vita ustulo deprecator aureus tamisium supra architecto. Vultuosus vulnero cupio tutis carcer vapulus ceno. Qui dolor coepi viriliter desidero et.
Cb
Piano
Cara Durgan
Era Tavares Upton
Philip
Terry
Mr.
DVM
Chief Implementation Representative
8137138854
15.52
64.279
586
6
1205.0023264616127
-3541.547412157675
8
(126) 809-7989 x328
(203) 079-6765


7079
84
7337
placeholder.rb:7: syntax error, unexpected end-of-input, expecting ')'
Diglett
Celadon City
:tired_face:
:flipper:
:baby_bottle:
:dolls:
:musical_score:
:post_office:
:clock530:
:taco:
:metal:
Neptune
Tethys
Sunflower
Lagoon Nebula
Collinder 140
Cancer
Procyon B
National Aeronautics and Space Administration
ISA
Orion
Virgin Galactic
25 AU
Wars not make one great.
Darth Vader
ASP
Takodana
If you're saying that coming here was a bad idea, I'm starting to agree with you.
Ithorian
Imperial Shuttle
Illustrious Metron Strike
Death Touch
griffins
Ohio exorcists
South Dakota
hockey
2016-09-21 20:36:59 +0000
time.rb:3:in `<main>': undefined method `days' for 2:Fixnum (NoMethodError)
8C9CMW7Z4FCKJ1DCJ
HUBEI CHILE AUTOMOBILE CO.LTD
